<?xml version="1.0" encoding="UTF-8"?>
<!-- Generated by org.testng.reporters.JUnitReportReporter -->
<testsuite hostname="poorvid" failures="0" tests="1" name="PhantomJS_5.PhantomJS_5.FirstTest" time="4.123" errors="0" timestamp="2021-06-08T17:42:59 IST" skipped="0">
  <testcase classname="PhantomJS_5.PhantomJS_5.FirstTest" name="firsttest" time="4.123"/>
  <system-out/>
</testsuite> <!-- PhantomJS_5.PhantomJS_5.FirstTest -->
